<?xml version="1.0"?>
<testsuite name="PhantomJS 2.1.1 (Mac OS X 0.0.0)" package="" timestamp="2019-09-06T02:44:30" id="0" hostname="Hazems-MBP.home" tests="6" errors="0" failures="0" time="0.008">
  <properties>
    <property name="browser.fullName" value="Mozilla/5.0 (Macintosh; Intel Mac OS X) AppleWebKit/538.1 (KHTML, like Gecko) PhantomJS/2.1.1 Safari/538.1"/>
  </properties>
  <testcase name="WeatherService should NOT be able to get weather information for an invalid place" time="0.005" classname="PhantomJS_2_1_1_(Mac_OS_X_0_0_0).WeatherService"/>
  <testcase name="WeatherService should be able to get weather information for a valid place" time="0.001" classname="PhantomJS_2_1_1_(Mac_OS_X_0_0_0).WeatherService"/>
  <testcase name="UserService should NOT be able to save a user with invalid email" time="0.001" classname="PhantomJS_2_1_1_(Mac_OS_X_0_0_0).UserService"/>
  <testcase name="UserService should NOT be able to save a user with an empty user name" time="0" classname="PhantomJS_2_1_1_(Mac_OS_X_0_0_0).UserService"/>
  <testcase name="UserService should NOT be able to save a user with a user name more than 6 characters" time="0" classname="PhantomJS_2_1_1_(Mac_OS_X_0_0_0).UserService"/>
  <testcase name="UserService should be able to save and load a valid user" time="0.001" classname="PhantomJS_2_1_1_(Mac_OS_X_0_0_0).UserService"/>
  <system-out>
    <![CDATA[PhantomJS 2.1.1 (Mac OS X 0.0.0) LOG: 'Email is invalid!'
,PhantomJS 2.1.1 (Mac OS X 0.0.0) LOG: 'You need to specify both user name and email!'
,PhantomJS 2.1.1 (Mac OS X 0.0.0) LOG: 'User name must not exceed 6 characters!'

]]>
  </system-out>
  <system-err/>
</testsuite>