<?xml version="1.0"?>
<testsuites>
  <testsuite name="Chrome 36.0.1985 (Mac OS X 10.9.2)" package="" timestamp="2014-07-30T22:43:42" id="0" hostname="IBMs-MacBook-Pro-2.local">
    <properties>
      <property name="browser.fullName" value="Mozilla/5.0 (Macintosh; Intel Mac OS X 10_9_2) AppleWebKit/537.36 (KHTML, like Gecko) Chrome/36.0.1985.125 Safari/537.36"/>
    </properties>
  </testsuite>
  <testsuite name="Android 4.1.2 (Android 4.1.2)" package="" timestamp="2014-07-30T22:43:42" id="0" hostname="IBMs-MacBook-Pro-2.local">
    <properties>
      <property name="browser.fullName" value="Mozilla/5.0 (Linux; U; Android 4.1.2; en-us; sdk Build/MASTER) AppleWebKit/534.30 (KHTML, like Gecko) Version/4.0 Safari/534.30"/>
    </properties>
  </testsuite>
  <testsuite name="Mobile Safari 7.0.0 (iOS 7.1)" package="" timestamp="2014-07-30T22:43:42" id="0" hostname="IBMs-MacBook-Pro-2.local">
    <properties>
      <property name="browser.fullName" value="Mozilla/5.0 (iPhone; CPU iPhone OS 7_1 like Mac OS X) AppleWebKit/537.51.2 (KHTML, like Gecko) Version/7.0 Mobile/11D167 Safari/9537.53"/>
    </properties>
  </testsuite>
  <testsuite name="Mobile Safari 7.0.0 (iOS 7.1)" package="" timestamp="2014-07-30T22:43:42" id="0" hostname="IBMs-MacBook-Pro-2.local" tests="6" errors="0" failures="0" time="1.593">
    <properties>
      <property name="browser.fullName" value="Mozilla/5.0 (iPhone; CPU iPhone OS 7_1 like Mac OS X) AppleWebKit/537.51.2 (KHTML, like Gecko) Version/7.0 Mobile/11D167 Safari/9537.53"/>
    </properties>
    <testcase name="should NOT be able to save a user with an empty user name" time="0.003" classname="Mobile Safari 7.0.0 (iOS 7.1).UserService"/>
    <testcase name="should NOT be able to save a user with invalid email" time="0.001" classname="Mobile Safari 7.0.0 (iOS 7.1).UserService"/>
    <testcase name="should NOT be able to save a user with a user name more than 6 characters" time="0.001" classname="Mobile Safari 7.0.0 (iOS 7.1).UserService"/>
    <testcase name="should be able to save and load a valid user" time="0.002" classname="Mobile Safari 7.0.0 (iOS 7.1).UserService"/>
    <testcase name="should be able to get weather information for a valid place" time="1.406" classname="Mobile Safari 7.0.0 (iOS 7.1).WeatherService"/>
    <testcase name="should NOT be able to get weather information for an invalid place" time="0.18" classname="Mobile Safari 7.0.0 (iOS 7.1).WeatherService"/>
    <system-out><![CDATA[Mobile Safari 7.0.0 (iOS 7.1) LOG: 'You need to specify both user name and email!'
,Mobile Safari 7.0.0 (iOS 7.1) LOG: 'Email is invalid!'
,Mobile Safari 7.0.0 (iOS 7.1) LOG: 'You need to specify both user name and email!'
,Chrome 36.0.1985 (Mac OS X 10.9.2) LOG: 'You need to specify both user name and email!'
,Chrome 36.0.1985 (Mac OS X 10.9.2) LOG: 'Email is invalid!'
,Chrome 36.0.1985 (Mac OS X 10.9.2) LOG: 'You need to specify both user name and email!'
,Mobile Safari 7.0.0 (iOS 7.1) LOG: Object{coord: Object{lon: 2.35, lat: 48.85}, sys: Object{type: 1, id: 5615, message: 0.0315, country: 'FR', sunrise: 1406694119, sunset: 1406748724}, weather: [Object{id: ..., main: ..., description: ..., icon: ...}], base: 'cmc stations', main: Object{temp: 290.78, pressure: 1017, humidity: 68, temp_min: 289.15, temp_max: 292.59}, wind: Object{speed: 2.1, deg: 350}, clouds: Object{all: 0}, dt: 1406757726, id: 2988507, name: 'Paris', cod: 200}
,Chrome 36.0.1985 (Mac OS X 10.9.2) LOG: Object{coord: Object{lon: 2.35, lat: 48.85}, sys: Object{type: 1, id: 5615, message: 0.0481, country: 'FR', sunrise: 1406694119, sunset: 1406748724}, weather: [Object{id: ..., main: ..., description: ..., icon: ...}], base: 'cmc stations', main: Object{temp: 290.44, pressure: 1017, humidity: 68, temp_min: 289.15, temp_max: 292.59}, wind: Object{speed: 1.5, deg: 10}, clouds: Object{all: 0}, dt: 1406759528, id: 2988507, name: 'Paris', cod: 200}
,Mobile Safari 7.0.0 (iOS 7.1) LOG: Object{message: 'Error: Not found city', cod: '404'}

]]></system-out>
    <system-err/>
  </testsuite>
  <testsuite name="Chrome 36.0.1985 (Mac OS X 10.9.2)" package="" timestamp="2014-07-30T22:43:42" id="0" hostname="IBMs-MacBook-Pro-2.local" tests="6" errors="0" failures="0" time="1.743">
    <properties>
      <property name="browser.fullName" value="Mozilla/5.0 (Macintosh; Intel Mac OS X 10_9_2) AppleWebKit/537.36 (KHTML, like Gecko) Chrome/36.0.1985.125 Safari/537.36"/>
    </properties>
    <testcase name="should NOT be able to save a user with an empty user name" time="0.002" classname="Chrome 36.0.1985 (Mac OS X 10.9.2).UserService"/>
    <testcase name="should NOT be able to save a user with invalid email" time="0.001" classname="Chrome 36.0.1985 (Mac OS X 10.9.2).UserService"/>
    <testcase name="should NOT be able to save a user with a user name more than 6 characters" time="0.001" classname="Chrome 36.0.1985 (Mac OS X 10.9.2).UserService"/>
    <testcase name="should be able to save and load a valid user" time="0.001" classname="Chrome 36.0.1985 (Mac OS X 10.9.2).UserService"/>
    <testcase name="should be able to get weather information for a valid place" time="1.501" classname="Chrome 36.0.1985 (Mac OS X 10.9.2).WeatherService"/>
    <testcase name="should NOT be able to get weather information for an invalid place" time="0.237" classname="Chrome 36.0.1985 (Mac OS X 10.9.2).WeatherService"/>
    <system-out><![CDATA[Mobile Safari 7.0.0 (iOS 7.1) LOG: 'You need to specify both user name and email!'
,Mobile Safari 7.0.0 (iOS 7.1) LOG: 'Email is invalid!'
,Mobile Safari 7.0.0 (iOS 7.1) LOG: 'You need to specify both user name and email!'
,Chrome 36.0.1985 (Mac OS X 10.9.2) LOG: 'You need to specify both user name and email!'
,Chrome 36.0.1985 (Mac OS X 10.9.2) LOG: 'Email is invalid!'
,Chrome 36.0.1985 (Mac OS X 10.9.2) LOG: 'You need to specify both user name and email!'
,Mobile Safari 7.0.0 (iOS 7.1) LOG: Object{coord: Object{lon: 2.35, lat: 48.85}, sys: Object{type: 1, id: 5615, message: 0.0315, country: 'FR', sunrise: 1406694119, sunset: 1406748724}, weather: [Object{id: ..., main: ..., description: ..., icon: ...}], base: 'cmc stations', main: Object{temp: 290.78, pressure: 1017, humidity: 68, temp_min: 289.15, temp_max: 292.59}, wind: Object{speed: 2.1, deg: 350}, clouds: Object{all: 0}, dt: 1406757726, id: 2988507, name: 'Paris', cod: 200}
,Chrome 36.0.1985 (Mac OS X 10.9.2) LOG: Object{coord: Object{lon: 2.35, lat: 48.85}, sys: Object{type: 1, id: 5615, message: 0.0481, country: 'FR', sunrise: 1406694119, sunset: 1406748724}, weather: [Object{id: ..., main: ..., description: ..., icon: ...}], base: 'cmc stations', main: Object{temp: 290.44, pressure: 1017, humidity: 68, temp_min: 289.15, temp_max: 292.59}, wind: Object{speed: 1.5, deg: 10}, clouds: Object{all: 0}, dt: 1406759528, id: 2988507, name: 'Paris', cod: 200}
,Mobile Safari 7.0.0 (iOS 7.1) LOG: Object{message: 'Error: Not found city', cod: '404'}
,Android 4.1.2 (Android 4.1.2) LOG: 'You need to specify both user name and email!'
,Android 4.1.2 (Android 4.1.2) LOG: 'Email is invalid!'
,Android 4.1.2 (Android 4.1.2) LOG: 'You need to specify both user name and email!'
,Chrome 36.0.1985 (Mac OS X 10.9.2) LOG: Object{message: 'Error: Not found city', cod: '404'}

]]></system-out>
    <system-err/>
  </testsuite>
  <testsuite name="Android 4.1.2 (Android 4.1.2)" package="" timestamp="2014-07-30T22:43:44" id="0" hostname="IBMs-MacBook-Pro-2.local" tests="6" errors="0" failures="0" time="0.806">
    <properties>
      <property name="browser.fullName" value="Mozilla/5.0 (Linux; U; Android 4.1.2; en-us; sdk Build/MASTER) AppleWebKit/534.30 (KHTML, like Gecko) Version/4.0 Safari/534.30"/>
    </properties>
    <testcase name="should NOT be able to save a user with an empty user name" time="0.021" classname="Android 4.1.2 (Android 4.1.2).UserService"/>
    <testcase name="should NOT be able to save a user with invalid email" time="0.023" classname="Android 4.1.2 (Android 4.1.2).UserService"/>
    <testcase name="should NOT be able to save a user with a user name more than 6 characters" time="0.009" classname="Android 4.1.2 (Android 4.1.2).UserService"/>
    <testcase name="should be able to save and load a valid user" time="0.013" classname="Android 4.1.2 (Android 4.1.2).UserService"/>
    <testcase name="should be able to get weather information for a valid place" time="0.469" classname="Android 4.1.2 (Android 4.1.2).WeatherService"/>
    <testcase name="should NOT be able to get weather information for an invalid place" time="0.271" classname="Android 4.1.2 (Android 4.1.2).WeatherService"/>
    <system-out><![CDATA[Mobile Safari 7.0.0 (iOS 7.1) LOG: 'You need to specify both user name and email!'
,Mobile Safari 7.0.0 (iOS 7.1) LOG: 'Email is invalid!'
,Mobile Safari 7.0.0 (iOS 7.1) LOG: 'You need to specify both user name and email!'
,Chrome 36.0.1985 (Mac OS X 10.9.2) LOG: 'You need to specify both user name and email!'
,Chrome 36.0.1985 (Mac OS X 10.9.2) LOG: 'Email is invalid!'
,Chrome 36.0.1985 (Mac OS X 10.9.2) LOG: 'You need to specify both user name and email!'
,Mobile Safari 7.0.0 (iOS 7.1) LOG: Object{coord: Object{lon: 2.35, lat: 48.85}, sys: Object{type: 1, id: 5615, message: 0.0315, country: 'FR', sunrise: 1406694119, sunset: 1406748724}, weather: [Object{id: ..., main: ..., description: ..., icon: ...}], base: 'cmc stations', main: Object{temp: 290.78, pressure: 1017, humidity: 68, temp_min: 289.15, temp_max: 292.59}, wind: Object{speed: 2.1, deg: 350}, clouds: Object{all: 0}, dt: 1406757726, id: 2988507, name: 'Paris', cod: 200}
,Chrome 36.0.1985 (Mac OS X 10.9.2) LOG: Object{coord: Object{lon: 2.35, lat: 48.85}, sys: Object{type: 1, id: 5615, message: 0.0481, country: 'FR', sunrise: 1406694119, sunset: 1406748724}, weather: [Object{id: ..., main: ..., description: ..., icon: ...}], base: 'cmc stations', main: Object{temp: 290.44, pressure: 1017, humidity: 68, temp_min: 289.15, temp_max: 292.59}, wind: Object{speed: 1.5, deg: 10}, clouds: Object{all: 0}, dt: 1406759528, id: 2988507, name: 'Paris', cod: 200}
,Mobile Safari 7.0.0 (iOS 7.1) LOG: Object{message: 'Error: Not found city', cod: '404'}
,Android 4.1.2 (Android 4.1.2) LOG: 'You need to specify both user name and email!'
,Android 4.1.2 (Android 4.1.2) LOG: 'Email is invalid!'
,Android 4.1.2 (Android 4.1.2) LOG: 'You need to specify both user name and email!'
,Chrome 36.0.1985 (Mac OS X 10.9.2) LOG: Object{message: 'Error: Not found city', cod: '404'}
,Android 4.1.2 (Android 4.1.2) LOG: Object{coord: Object{lon: 2.35, lat: 48.85}, sys: Object{type: 1, id: 5615, message: 0.0481, country: 'FR', sunrise: 1406694119, sunset: 1406748724}, weather: [Object{id: ..., main: ..., description: ..., icon: ...}], base: 'cmc stations', main: Object{temp: 290.44, pressure: 1017, humidity: 68, temp_min: 289.15, temp_max: 292.59}, wind: Object{speed: 1.5, deg: 10}, clouds: Object{all: 0}, dt: 1406759528, id: 2988507, name: 'Paris', cod: 200}
,Android 4.1.2 (Android 4.1.2) LOG: Object{message: 'Error: Not found city', cod: '404'}

]]></system-out>
    <system-err/>
  </testsuite>
</testsuites>
